mode: set
github.com/collabchek/vee/bind.go:12.31,15.9 2 1
github.com/collabchek/vee/bind.go:15.9,17.3 1 1
github.com/collabchek/vee/bind.go:19.2,23.31 3 1
github.com/collabchek/vee/bind.go:23.31,25.3 1 1
github.com/collabchek/vee/bind.go:27.2,30.34 3 1
github.com/collabchek/vee/bind.go:30.34,32.3 1 1
github.com/collabchek/vee/bind.go:34.2,34.38 1 1
github.com/collabchek/vee/bind.go:34.38,39.26 3 1
github.com/collabchek/vee/bind.go:39.26,40.12 1 0
github.com/collabchek/vee/bind.go:44.3,48.18 3 1
github.com/collabchek/vee/bind.go:48.18,49.12 1 1
github.com/collabchek/vee/bind.go:53.3,53.25 1 1
github.com/collabchek/vee/bind.go:53.25,54.12 1 0
github.com/collabchek/vee/bind.go:58.3,61.39 3 1
github.com/collabchek/vee/bind.go:61.39,64.4 2 1
github.com/collabchek/vee/bind.go:67.3,67.48 1 1
github.com/collabchek/vee/bind.go:67.48,70.39 2 1
github.com/collabchek/vee/bind.go:70.39,71.13 1 1
github.com/collabchek/vee/bind.go:74.4,78.53 3 1
github.com/collabchek/vee/bind.go:78.53,79.21 1 1
github.com/collabchek/vee/bind.go:80.43,81.26 1 1
github.com/collabchek/vee/bind.go:86.4,88.21 3 1
github.com/collabchek/vee/bind.go:89.16,90.55 1 1
github.com/collabchek/vee/bind.go:91.16,92.50 1 1
github.com/collabchek/vee/bind.go:93.26,94.61 1 1
github.com/collabchek/vee/bind.go:97.4,97.18 1 1
github.com/collabchek/vee/bind.go:97.18,99.5 1 1
github.com/collabchek/vee/bind.go:101.4,101.17 1 1
github.com/collabchek/vee/bind.go:101.17,103.5 1 1
github.com/collabchek/vee/bind.go:103.10,105.5 1 1
github.com/collabchek/vee/bind.go:106.4,106.12 1 1
github.com/collabchek/vee/bind.go:109.3,109.53 1 1
github.com/collabchek/vee/bind.go:109.53,112.39 2 1
github.com/collabchek/vee/bind.go:112.39,113.13 1 1
github.com/collabchek/vee/bind.go:116.4,120.55 3 1
github.com/collabchek/vee/bind.go:120.55,121.22 1 1
github.com/collabchek/vee/bind.go:122.30,123.23 1 1
github.com/collabchek/vee/bind.go:128.4,129.18 2 1
github.com/collabchek/vee/bind.go:129.18,131.5 1 1
github.com/collabchek/vee/bind.go:133.4,134.17 2 1
github.com/collabchek/vee/bind.go:135.14,136.58 1 1
github.com/collabchek/vee/bind.go:137.13,138.53 1 1
github.com/collabchek/vee/bind.go:139.13,140.53 1 1
github.com/collabchek/vee/bind.go:141.13,142.51 1 1
github.com/collabchek/vee/bind.go:145.4,145.17 1 1
github.com/collabchek/vee/bind.go:145.17,147.5 1 1
github.com/collabchek/vee/bind.go:147.10,149.5 1 1
github.com/collabchek/vee/bind.go:150.4,150.12 1 1
github.com/collabchek/vee/bind.go:153.3,153.28 1 1
github.com/collabchek/vee/bind.go:154.21,159.17 3 1
github.com/collabchek/vee/bind.go:159.17,161.5 1 1
github.com/collabchek/vee/bind.go:161.10,163.5 1 1
github.com/collabchek/vee/bind.go:165.11,168.39 2 1
github.com/collabchek/vee/bind.go:168.39,169.13 1 1
github.com/collabchek/vee/bind.go:172.4,174.29 2 1
github.com/collabchek/vee/bind.go:175.24,176.18 1 1
github.com/collabchek/vee/bind.go:176.18,178.6 1 1
github.com/collabchek/vee/bind.go:178.11,180.6 1 1
github.com/collabchek/vee/bind.go:182.36,184.19 2 1
github.com/collabchek/vee/bind.go:184.19,186.6 1 1
github.com/collabchek/vee/bind.go:188.5,188.18 1 1
github.com/collabchek/vee/bind.go:188.18,189.42 1 1
github.com/collabchek/vee/bind.go:189.42,192.7 2 1
github.com/collabchek/vee/bind.go:192.12,194.7 1 0
github.com/collabchek/vee/bind.go:195.11,197.6 1 1
github.com/collabchek/vee/bind.go:199.25,201.19 2 1
github.com/collabchek/vee/bind.go:201.19,203.6 1 1
github.com/collabchek/vee/bind.go:205.5,205.18 1 1
github.com/collabchek/vee/bind.go:205.18,207.6 1 1
github.com/collabchek/vee/bind.go:207.11,209.6 1 1
github.com/collabchek/vee/bind.go:215.2,215.12 1 1
github.com/collabchek/vee/render.go:12.60,14.37 2 1
github.com/collabchek/vee/render.go:14.37,16.3 1 1
github.com/collabchek/vee/render.go:16.8,18.3 1 1
github.com/collabchek/vee/render.go:19.2,23.31 3 1
github.com/collabchek/vee/render.go:23.31,26.3 2 1
github.com/collabchek/vee/render.go:28.2,28.34 1 1
github.com/collabchek/vee/render.go:28.34,30.3 1 1
github.com/collabchek/vee/render.go:32.2,36.26 3 1
github.com/collabchek/vee/render.go:36.26,38.3 1 1
github.com/collabchek/vee/render.go:39.2,39.27 1 1
github.com/collabchek/vee/render.go:39.27,41.3 1 1
github.com/collabchek/vee/render.go:42.2,43.18 2 1
github.com/collabchek/vee/render.go:43.18,45.3 1 1
github.com/collabchek/vee/render.go:46.2,47.30 2 1
github.com/collabchek/vee/render.go:47.30,49.3 1 1
github.com/collabchek/vee/render.go:50.2,52.38 2 1
github.com/collabchek/vee/render.go:52.38,57.26 3 1
github.com/collabchek/vee/render.go:57.26,58.12 1 0
github.com/collabchek/vee/render.go:62.3,66.18 3 1
github.com/collabchek/vee/render.go:66.18,67.12 1 1
github.com/collabchek/vee/render.go:71.3,73.19 3 1
github.com/collabchek/vee/render.go:73.19,75.4 1 1
github.com/collabchek/vee/render.go:75.9,75.43 1 1
github.com/collabchek/vee/render.go:75.43,77.4 1 1
github.com/collabchek/vee/render.go:80.3,84.39 4 1
github.com/collabchek/vee/render.go:84.39,89.24 3 1
github.com/collabchek/vee/render.go:89.24,91.5 1 1
github.com/collabchek/vee/render.go:91.10,93.5 1 1
github.com/collabchek/vee/render.go:97.3,97.48 1 1
github.com/collabchek/vee/render.go:97.48,102.53 3 1
github.com/collabchek/vee/render.go:102.53,103.21 1 1
github.com/collabchek/vee/render.go:104.43,105.26 1 1
github.com/collabchek/vee/render.go:109.4,114.39 4 1
github.com/collabchek/vee/render.go:114.39,115.26 1 1
github.com/collabchek/vee/render.go:115.26,116.23 1 1
github.com/collabchek/vee/render.go:117.18,118.43 1 1
github.com/collabchek/vee/render.go:119.18,120.38 1 1
github.com/collabchek/vee/render.go:121.28,122.49 1 1
github.com/collabchek/vee/render.go:124.6,124.69 1 1
github.com/collabchek/vee/render.go:129.4,129.47 1 1
github.com/collabchek/vee/render.go:129.47,131.5 1 1
github.com/collabchek/vee/render.go:132.4,132.47 1 1
github.com/collabchek/vee/render.go:132.47,134.5 1 1
github.com/collabchek/vee/render.go:137.4,137.22 1 1
github.com/collabchek/vee/render.go:137.22,139.5 1 0
github.com/collabchek/vee/render.go:142.4,145.12 3 1
github.com/collabchek/vee/render.go:148.3,148.53 1 1
github.com/collabchek/vee/render.go:148.53,153.55 3 1
github.com/collabchek/vee/render.go:153.55,154.22 1 1
github.com/collabchek/vee/render.go:155.30,156.23 1 1
github.com/collabchek/vee/render.go:160.4,164.61 3 1
github.com/collabchek/vee/render.go:164.61,166.18 2 1
github.com/collabchek/vee/render.go:167.15,168.53 1 1
github.com/collabchek/vee/render.go:169.14,170.48 1 1
github.com/collabchek/vee/render.go:171.14,172.48 1 1
github.com/collabchek/vee/render.go:173.14,174.46 1 1
github.com/collabchek/vee/render.go:176.5,176.56 1 1
github.com/collabchek/vee/render.go:180.4,180.47 1 1
github.com/collabchek/vee/render.go:180.47,182.5 1 1
github.com/collabchek/vee/render.go:183.4,183.47 1 1
github.com/collabchek/vee/render.go:183.47,185.5 1 1
github.com/collabchek/vee/render.go:186.4,186.49 1 1
github.com/collabchek/vee/render.go:186.49,188.5 1 1
github.com/collabchek/vee/render.go:191.4,191.22 1 1
github.com/collabchek/vee/render.go:191.22,193.5 1 0
github.com/collabchek/vee/render.go:196.4,199.12 3 1
github.com/collabchek/vee/render.go:203.3,203.28 1 1
github.com/collabchek/vee/render.go:204.23,209.53 3 1
github.com/collabchek/vee/render.go:209.53,210.21 1 1
github.com/collabchek/vee/render.go:211.44,212.26 1 1
github.com/collabchek/vee/render.go:216.4,221.22 4 1
github.com/collabchek/vee/render.go:221.22,223.5 1 1
github.com/collabchek/vee/render.go:226.4,228.27 2 1
github.com/collabchek/vee/render.go:230.35,237.47 5 1
github.com/collabchek/vee/render.go:237.47,239.5 1 1
github.com/collabchek/vee/render.go:240.4,240.47 1 1
github.com/collabchek/vee/render.go:240.47,242.5 1 1
github.com/collabchek/vee/render.go:243.4,243.49 1 1
github.com/collabchek/vee/render.go:243.49,245.5 1 1
github.com/collabchek/vee/render.go:248.4,248.22 1 1
github.com/collabchek/vee/render.go:248.22,250.5 1 1
github.com/collabchek/vee/render.go:253.4,255.27 2 1
github.com/collabchek/vee/render.go:257.24,264.47 5 1
github.com/collabchek/vee/render.go:264.47,266.5 1 1
github.com/collabchek/vee/render.go:267.4,267.47 1 1
github.com/collabchek/vee/render.go:267.47,269.5 1 0
github.com/collabchek/vee/render.go:270.4,270.49 1 1
github.com/collabchek/vee/render.go:270.49,272.5 1 1
github.com/collabchek/vee/render.go:272.10,274.5 1 1
github.com/collabchek/vee/render.go:277.4,277.22 1 1
github.com/collabchek/vee/render.go:277.22,279.5 1 0
github.com/collabchek/vee/render.go:282.4,284.27 2 1
github.com/collabchek/vee/render.go:286.21,291.17 5 1
github.com/collabchek/vee/render.go:291.17,293.5 1 1
github.com/collabchek/vee/render.go:296.4,296.22 1 1
github.com/collabchek/vee/render.go:296.22,298.5 1 1
github.com/collabchek/vee/render.go:301.4,303.27 2 1
github.com/collabchek/vee/render.go:305.11,307.12 1 0
github.com/collabchek/vee/render.go:312.2,314.27 2 1
github.com/collabchek/vee/render.go:318.72,320.43 1 1
github.com/collabchek/vee/render.go:320.43,322.3 1 1
github.com/collabchek/vee/render.go:322.8,324.3 1 1
github.com/collabchek/vee/render.go:327.2,327.61 1 1
github.com/collabchek/vee/render.go:327.61,329.3 1 1
github.com/collabchek/vee/render.go:332.2,332.48 1 1
github.com/collabchek/vee/render.go:332.48,334.3 1 1
github.com/collabchek/vee/render.go:335.2,335.48 1 1
github.com/collabchek/vee/render.go:335.48,337.3 1 1
github.com/collabchek/vee/render.go:338.2,338.48 1 1
github.com/collabchek/vee/render.go:338.48,340.3 1 1
github.com/collabchek/vee/render.go:344.34,350.2 5 1
github.com/collabchek/vee/tags.go:22.53,27.15 2 1
github.com/collabchek/vee/tags.go:27.15,31.3 2 1
github.com/collabchek/vee/tags.go:33.2,33.16 1 1
github.com/collabchek/vee/tags.go:33.16,36.3 2 1
github.com/collabchek/vee/tags.go:39.2,45.38 3 1
github.com/collabchek/vee/tags.go:45.38,48.3 2 1
github.com/collabchek/vee/tags.go:52.2,52.29 1 1
github.com/collabchek/vee/tags.go:52.29,54.17 2 1
github.com/collabchek/vee/tags.go:54.17,55.12 1 0
github.com/collabchek/vee/tags.go:58.3,58.34 1 1
github.com/collabchek/vee/tags.go:58.34,61.20 2 1
github.com/collabchek/vee/tags.go:61.20,65.75 3 1
github.com/collabchek/vee/tags.go:65.75,67.6 1 1
github.com/collabchek/vee/tags.go:68.5,68.35 1 1
github.com/collabchek/vee/tags.go:70.9,73.4 1 1
github.com/collabchek/vee/tags.go:76.2,76.15 1 1
github.com/collabchek/vee/validate.go:10.13,12.2 1 1
github.com/collabchek/vee/validate.go:29.28,31.2 1 1
github.com/collabchek/vee/validate.go:42.47,44.2 1 1
